Flow report for sigma-processor
Mon Jul 25 13:01:38 2022
Quartus Prime Version 20.1.0 Build 711 06/05/2020 SJ Lite Edition


---------------------
; Table of Contents ;
---------------------
  1. Legal Notice
  2. Flow Summary
  3. Flow Settings
  4. Flow Non-Default Global Settings
  5. Flow Elapsed Time
  6. Flow OS Summary
  7. Flow Log
  8. Flow Messages
  9. Flow Suppressed Messages



----------------
; Legal Notice ;
----------------
Copyright (C) 2020  Intel Corporation. All rights reserved.
Your use of Intel Corporation's design tools, logic functions 
and other software and tools, and any partner logic 
functions, and any output files from any of the foregoing 
(including device programming or simulation files), and any 
associated documentation or information are expressly subject 
to the terms and conditions of the Intel Program License 
Subscription Agreement, the Intel Quartus Prime License Agreement,
the Intel FPGA IP License Agreement, or other applicable license
agreement, including, without limitation, that your use is for
the sole purpose of programming logic devices manufactured by
Intel and sold by Intel or its authorized distributors.  Please
refer to the applicable agreement for further details, at
https://fpgasoftware.intel.com/eula.



+----------------------------------------------------------------------------------+
; Flow Summary                                                                     ;
+------------------------------------+---------------------------------------------+
; Flow Status                        ; Successful - Mon Jul 25 13:01:38 2022       ;
; Quartus Prime Version              ; 20.1.0 Build 711 06/05/2020 SJ Lite Edition ;
; Revision Name                      ; sigma-processor                             ;
; Top-level Entity Name              ; top                                         ;
; Family                             ; MAX 10                                      ;
; Device                             ; 10M16SAU169C8G                              ;
; Timing Models                      ; Final                                       ;
; Total logic elements               ; 4,992 / 15,840 ( 32 % )                     ;
;     Total combinational functions  ; 3,627 / 15,840 ( 23 % )                     ;
;     Dedicated logic registers      ; 2,930 / 15,840 ( 18 % )                     ;
; Total registers                    ; 2930                                        ;
; Total pins                         ; 41 / 130 ( 32 % )                           ;
; Total virtual pins                 ; 0                                           ;
; Total memory bits                  ; 72 / 562,176 ( < 1 % )                      ;
; Embedded Multiplier 9-bit elements ; 0 / 90 ( 0 % )                              ;
; Total PLLs                         ; 0 / 1 ( 0 % )                               ;
; UFM blocks                         ; 0 / 1 ( 0 % )                               ;
; ADC blocks                         ; 0 / 1 ( 0 % )                               ;
+------------------------------------+---------------------------------------------+


+-----------------------------------------+
; Flow Settings                           ;
+-------------------+---------------------+
; Option            ; Setting             ;
+-------------------+---------------------+
; Start date & time ; 07/25/2022 13:00:33 ;
; Main task         ; Compilation         ;
; Revision Name     ; sigma-processor     ;
+-------------------+---------------------+


+-----------------------------------------------------------------------------------------------------------------------------------------------------+
; Flow Non-Default Global Settings                                                                                                                    ;
+----------------------------------------+----------------------------------------+-----------------+-------------+-----------------------------------+
; Assignment Name                        ; Value                                  ; Default Value   ; Entity Name ; Section Id                        ;
+----------------------------------------+----------------------------------------+-----------------+-------------+-----------------------------------+
; COMPILER_SIGNATURE_ID                  ; 49410865228367.165874683306270         ; --              ; --          ; --                                ;
; EDA_DESIGN_INSTANCE_NAME               ; NA                                     ; --              ; --          ; ALU_tb.vhd                        ;
; EDA_DESIGN_INSTANCE_NAME               ; NA                                     ; --              ; --          ; CU_tb                             ;
; EDA_DESIGN_INSTANCE_NAME               ; NA                                     ; --              ; --          ; PC_tb.vhd                         ;
; EDA_DESIGN_INSTANCE_NAME               ; NA                                     ; --              ; --          ; top_tb                            ;
; EDA_GENERATE_FUNCTIONAL_NETLIST        ; Off                                    ; --              ; --          ; eda_board_design_timing           ;
; EDA_GENERATE_FUNCTIONAL_NETLIST        ; Off                                    ; --              ; --          ; eda_board_design_boundary_scan    ;
; EDA_GENERATE_FUNCTIONAL_NETLIST        ; Off                                    ; --              ; --          ; eda_board_design_signal_integrity ;
; EDA_GENERATE_FUNCTIONAL_NETLIST        ; Off                                    ; --              ; --          ; eda_board_design_symbol           ;
; EDA_NATIVELINK_SIMULATION_SETUP_SCRIPT ; simulation/modelsim/wave.do            ; --              ; --          ; eda_simulation                    ;
; EDA_NATIVELINK_SIMULATION_TEST_BENCH   ; top_tb                                 ; --              ; --          ; eda_simulation                    ;
; EDA_OUTPUT_DATA_FORMAT                 ; Vhdl                                   ; --              ; --          ; eda_simulation                    ;
; EDA_SIMULATION_TOOL                    ; ModelSim-Altera (VHDL)                 ; <None>          ; --          ; --                                ;
; EDA_TEST_BENCH_ENABLE_STATUS           ; TEST_BENCH_MODE                        ; --              ; --          ; eda_simulation                    ;
; EDA_TEST_BENCH_FILE                    ; simulation/modelsim/ALU_tb.vhd         ; --              ; --          ; ALU_tb.vhd                        ;
; EDA_TEST_BENCH_FILE                    ; simulation/modelsim/CU_tb.vhd          ; --              ; --          ; CU_tb                             ;
; EDA_TEST_BENCH_FILE                    ; simulation/modelsim/PC_tb.vhd          ; --              ; --          ; PC_tb.vhd                         ;
; EDA_TEST_BENCH_FILE                    ; simulation/modelsim/top_tb.vhd         ; --              ; --          ; top_tb                            ;
; EDA_TEST_BENCH_MODULE_NAME             ; ALU_tb                                 ; --              ; --          ; ALU_tb.vhd                        ;
; EDA_TEST_BENCH_MODULE_NAME             ; CU_tb                                  ; --              ; --          ; CU_tb                             ;
; EDA_TEST_BENCH_MODULE_NAME             ; PC_tb.vhd                              ; --              ; --          ; PC_tb.vhd                         ;
; EDA_TEST_BENCH_MODULE_NAME             ; top_tb                                 ; --              ; --          ; top_tb                            ;
; EDA_TEST_BENCH_NAME                    ; PC_tb.vhd                              ; --              ; --          ; eda_simulation                    ;
; EDA_TEST_BENCH_NAME                    ; ALU_tb.vhd                             ; --              ; --          ; eda_simulation                    ;
; EDA_TEST_BENCH_NAME                    ; CU_tb                                  ; --              ; --          ; eda_simulation                    ;
; EDA_TEST_BENCH_NAME                    ; top_tb                                 ; --              ; --          ; eda_simulation                    ;
; EDA_TEST_BENCH_RUN_SIM_FOR             ; 1 us                                   ; --              ; --          ; ALU_tb.vhd                        ;
; EDA_TEST_BENCH_RUN_SIM_FOR             ; 100 ns                                 ; --              ; --          ; CU_tb                             ;
; EDA_TEST_BENCH_RUN_SIM_FOR             ; 1 us                                   ; --              ; --          ; PC_tb.vhd                         ;
; EDA_TEST_BENCH_RUN_SIM_FOR             ; 500 ns                                 ; --              ; --          ; top_tb                            ;
; EDA_TIME_SCALE                         ; 1 ps                                   ; --              ; --          ; eda_simulation                    ;
; FLOW_ENABLE_POWER_ANALYZER             ; On                                     ; Off             ; --          ; --                                ;
; MAX_CORE_JUNCTION_TEMP                 ; 85                                     ; --              ; --          ; --                                ;
; MIN_CORE_JUNCTION_TEMP                 ; 0                                      ; --              ; --          ; --                                ;
; PARTITION_COLOR                        ; -- (Not supported for targeted family) ; --              ; --          ; Top                               ;
; PARTITION_COLOR                        ; -- (Not supported for targeted family) ; --              ; top         ; Top                               ;
; PARTITION_FITTER_PRESERVATION_LEVEL    ; -- (Not supported for targeted family) ; --              ; --          ; Top                               ;
; PARTITION_FITTER_PRESERVATION_LEVEL    ; -- (Not supported for targeted family) ; --              ; top         ; Top                               ;
; PARTITION_NETLIST_TYPE                 ; -- (Not supported for targeted family) ; --              ; --          ; Top                               ;
; PARTITION_NETLIST_TYPE                 ; -- (Not supported for targeted family) ; --              ; top         ; Top                               ;
; POWER_BOARD_THERMAL_MODEL              ; None (CONSERVATIVE)                    ; --              ; --          ; --                                ;
; POWER_DEFAULT_INPUT_IO_TOGGLE_RATE     ; 12.5 %                                 ; 12.5%           ; --          ; --                                ;
; POWER_PRESET_COOLING_SOLUTION          ; 23 MM HEAT SINK WITH 200 LFPM AIRFLOW  ; --              ; --          ; --                                ;
; PROJECT_OUTPUT_DIRECTORY               ; output_files                           ; --              ; --          ; --                                ;
; TOP_LEVEL_ENTITY                       ; top                                    ; sigma-processor ; --          ; --                                ;
+----------------------------------------+----------------------------------------+-----------------+-------------+-----------------------------------+


+--------------------------------------------------------------------------------------------------------------------------+
; Flow Elapsed Time                                                                                                        ;
+----------------------+--------------+-------------------------+---------------------+------------------------------------+
; Module Name          ; Elapsed Time ; Average Processors Used ; Peak Virtual Memory ; Total CPU Time (on all processors) ;
+----------------------+--------------+-------------------------+---------------------+------------------------------------+
; Analysis & Synthesis ; 00:00:18     ; 1.0                     ; 481 MB              ; 00:00:24                           ;
; Fitter               ; 00:00:32     ; 1.4                     ; 1218 MB             ; 00:01:02                           ;
; Assembler            ; 00:00:02     ; 1.0                     ; 367 MB              ; 00:00:01                           ;
; Power Analyzer       ; 00:00:04     ; 2.2                     ; 840 MB              ; 00:00:08                           ;
; Timing Analyzer      ; 00:00:03     ; 2.5                     ; 559 MB              ; 00:00:08                           ;
; EDA Netlist Writer   ; 00:00:01     ; 1.0                     ; 636 MB              ; 00:00:01                           ;
; Total                ; 00:01:00     ; --                      ; --                  ; 00:01:44                           ;
+----------------------+--------------+-------------------------+---------------------+------------------------------------+


+----------------------------------------------------------------------------------------+
; Flow OS Summary                                                                        ;
+----------------------+------------------+----------------+------------+----------------+
; Module Name          ; Machine Hostname ; OS Name        ; OS Version ; Processor type ;
+----------------------+------------------+----------------+------------+----------------+
; Analysis & Synthesis ; rtrkf056-lin     ; Ubuntu 20.04.4 ; 20         ; x86_64         ;
; Fitter               ; rtrkf056-lin     ; Ubuntu 20.04.4 ; 20         ; x86_64         ;
; Assembler            ; rtrkf056-lin     ; Ubuntu 20.04.4 ; 20         ; x86_64         ;
; Power Analyzer       ; rtrkf056-lin     ; Ubuntu 20.04.4 ; 20         ; x86_64         ;
; Timing Analyzer      ; rtrkf056-lin     ; Ubuntu 20.04.4 ; 20         ; x86_64         ;
; EDA Netlist Writer   ; rtrkf056-lin     ; Ubuntu 20.04.4 ; 20         ; x86_64         ;
+----------------------+------------------+----------------+------------+----------------+


------------
; Flow Log ;
------------
quartus_map --read_settings_files=on --write_settings_files=off sigma-processor -c sigma-processor
quartus_fit --read_settings_files=off --write_settings_files=off sigma-processor -c sigma-processor
quartus_asm --read_settings_files=off --write_settings_files=off sigma-processor -c sigma-processor
quartus_pow --read_settings_files=off --write_settings_files=off sigma-processor -c sigma-processor
quartus_sta sigma-processor -c sigma-processor
quartus_eda --read_settings_files=off --write_settings_files=off sigma-processor -c sigma-processor



