Analysis & Synthesis report for sigma-processor
Tue Mar 29 21:39:05 2022
Quartus Prime Version 20.1.0 Build 711 06/05/2020 SJ Lite Edition


---------------------
; Table of Contents ;
---------------------
  1. Legal Notice
  2. Analysis & Synthesis Summary
  3. Analysis & Synthesis Settings
  4. Parallel Compilation
  5. Analysis & Synthesis Source Files Read
  6. Analysis & Synthesis Resource Usage Summary
  7. Analysis & Synthesis Resource Utilization by Entity
  8. General Register Statistics
  9. Multiplexer Restructuring Statistics (Restructuring Performed)
 10. Post-Synthesis Netlist Statistics for Top Partition
 11. Elapsed Time Per Partition
 12. Analysis & Synthesis Messages



----------------
; Legal Notice ;
----------------
Copyright (C) 2020  Intel Corporation. All rights reserved.
Your use of Intel Corporation's design tools, logic functions 
and other software and tools, and any partner logic 
functions, and any output files from any of the foregoing 
(including device programming or simulation files), and any 
associated documentation or information are expressly subject 
to the terms and conditions of the Intel Program License 
Subscription Agreement, the Intel Quartus Prime License Agreement,
the Intel FPGA IP License Agreement, or other applicable license
agreement, including, without limitation, that your use is for
the sole purpose of programming logic devices manufactured by
Intel and sold by Intel or its authorized distributors.  Please
refer to the applicable agreement for further details, at
https://fpgasoftware.intel.com/eula.



+----------------------------------------------------------------------------------+
; Analysis & Synthesis Summary                                                     ;
+------------------------------------+---------------------------------------------+
; Analysis & Synthesis Status        ; Successful - Tue Mar 29 21:39:05 2022       ;
; Quartus Prime Version              ; 20.1.0 Build 711 06/05/2020 SJ Lite Edition ;
; Revision Name                      ; sigma-processor                             ;
; Top-level Entity Name              ; ControlUnit                                 ;
; Family                             ; MAX 10                                      ;
; Total logic elements               ; 23                                          ;
;     Total combinational functions  ; 23                                          ;
;     Dedicated logic registers      ; 0                                           ;
; Total registers                    ; 0                                           ;
; Total pins                         ; 25                                          ;
; Total virtual pins                 ; 0                                           ;
; Total memory bits                  ; 0                                           ;
; Embedded Multiplier 9-bit elements ; 0                                           ;
; Total PLLs                         ; 0                                           ;
; UFM blocks                         ; 0                                           ;
; ADC blocks                         ; 0                                           ;
+------------------------------------+---------------------------------------------+


+------------------------------------------------------------------------------------------------------------+
; Analysis & Synthesis Settings                                                                              ;
+------------------------------------------------------------------+--------------------+--------------------+
; Option                                                           ; Setting            ; Default Value      ;
+------------------------------------------------------------------+--------------------+--------------------+
; Device                                                           ; 10M16SAU169C8G     ;                    ;
; Top-level entity name                                            ; ControlUnit        ; sigma-processor    ;
; Family name                                                      ; MAX 10             ; Cyclone V          ;
; Use smart compilation                                            ; Off                ; Off                ;
; Enable parallel Assembler and Timing Analyzer during compilation ; On                 ; On                 ;
; Enable compact report table                                      ; Off                ; Off                ;
; Restructure Multiplexers                                         ; Auto               ; Auto               ;
; Create Debugging Nodes for IP Cores                              ; Off                ; Off                ;
; Preserve fewer node names                                        ; On                 ; On                 ;
; Intel FPGA IP Evaluation Mode                                    ; Enable             ; Enable             ;
; Verilog Version                                                  ; Verilog_2001       ; Verilog_2001       ;
; VHDL Version                                                     ; VHDL_1993          ; VHDL_1993          ;
; State Machine Processing                                         ; Auto               ; Auto               ;
; Safe State Machine                                               ; Off                ; Off                ;
; Extract Verilog State Machines                                   ; On                 ; On                 ;
; Extract VHDL State Machines                                      ; On                 ; On                 ;
; Ignore Verilog initial constructs                                ; Off                ; Off                ;
; Iteration limit for constant Verilog loops                       ; 5000               ; 5000               ;
; Iteration limit for non-constant Verilog loops                   ; 250                ; 250                ;
; Add Pass-Through Logic to Inferred RAMs                          ; On                 ; On                 ;
; Infer RAMs from Raw Logic                                        ; On                 ; On                 ;
; Parallel Synthesis                                               ; On                 ; On                 ;
; DSP Block Balancing                                              ; Auto               ; Auto               ;
; NOT Gate Push-Back                                               ; On                 ; On                 ;
; Power-Up Don't Care                                              ; On                 ; On                 ;
; Remove Redundant Logic Cells                                     ; Off                ; Off                ;
; Remove Duplicate Registers                                       ; On                 ; On                 ;
; Ignore CARRY Buffers                                             ; Off                ; Off                ;
; Ignore CASCADE Buffers                                           ; Off                ; Off                ;
; Ignore GLOBAL Buffers                                            ; Off                ; Off                ;
; Ignore ROW GLOBAL Buffers                                        ; Off                ; Off                ;
; Ignore LCELL Buffers                                             ; Off                ; Off                ;
; Ignore SOFT Buffers                                              ; On                 ; On                 ;
; Limit AHDL Integers to 32 Bits                                   ; Off                ; Off                ;
; Optimization Technique                                           ; Balanced           ; Balanced           ;
; Carry Chain Length                                               ; 70                 ; 70                 ;
; Auto Carry Chains                                                ; On                 ; On                 ;
; Auto Open-Drain Pins                                             ; On                 ; On                 ;
; Perform WYSIWYG Primitive Resynthesis                            ; Off                ; Off                ;
; Auto ROM Replacement                                             ; On                 ; On                 ;
; Auto RAM Replacement                                             ; On                 ; On                 ;
; Auto DSP Block Replacement                                       ; On                 ; On                 ;
; Auto Shift Register Replacement                                  ; Auto               ; Auto               ;
; Allow Shift Register Merging across Hierarchies                  ; Auto               ; Auto               ;
; Auto Clock Enable Replacement                                    ; On                 ; On                 ;
; Strict RAM Replacement                                           ; Off                ; Off                ;
; Allow Synchronous Control Signals                                ; On                 ; On                 ;
; Force Use of Synchronous Clear Signals                           ; Off                ; Off                ;
; Auto RAM Block Balancing                                         ; On                 ; On                 ;
; Auto RAM to Logic Cell Conversion                                ; Off                ; Off                ;
; Auto Resource Sharing                                            ; Off                ; Off                ;
; Allow Any RAM Size For Recognition                               ; Off                ; Off                ;
; Allow Any ROM Size For Recognition                               ; Off                ; Off                ;
; Allow Any Shift Register Size For Recognition                    ; Off                ; Off                ;
; Use LogicLock Constraints during Resource Balancing              ; On                 ; On                 ;
; Ignore translate_off and synthesis_off directives                ; Off                ; Off                ;
; Timing-Driven Synthesis                                          ; On                 ; On                 ;
; Report Parameter Settings                                        ; On                 ; On                 ;
; Report Source Assignments                                        ; On                 ; On                 ;
; Report Connectivity Checks                                       ; On                 ; On                 ;
; Ignore Maximum Fan-Out Assignments                               ; Off                ; Off                ;
; Synchronization Register Chain Length                            ; 2                  ; 2                  ;
; Power Optimization During Synthesis                              ; Normal compilation ; Normal compilation ;
; HDL message level                                                ; Level2             ; Level2             ;
; Suppress Register Optimization Related Messages                  ; Off                ; Off                ;
; Number of Removed Registers Reported in Synthesis Report         ; 5000               ; 5000               ;
; Number of Swept Nodes Reported in Synthesis Report               ; 5000               ; 5000               ;
; Number of Inverted Registers Reported in Synthesis Report        ; 100                ; 100                ;
; Clock MUX Protection                                             ; On                 ; On                 ;
; Auto Gated Clock Conversion                                      ; Off                ; Off                ;
; Block Design Naming                                              ; Auto               ; Auto               ;
; SDC constraint protection                                        ; Off                ; Off                ;
; Synthesis Effort                                                 ; Auto               ; Auto               ;
; Shift Register Replacement - Allow Asynchronous Clear Signal     ; On                 ; On                 ;
; Pre-Mapping Resynthesis Optimization                             ; Off                ; Off                ;
; Analysis & Synthesis Message Level                               ; Medium             ; Medium             ;
; Disable Register Merging Across Hierarchies                      ; Auto               ; Auto               ;
; Resource Aware Inference For Block RAM                           ; On                 ; On                 ;
+------------------------------------------------------------------+--------------------+--------------------+


+------------------------------------------+
; Parallel Compilation                     ;
+----------------------------+-------------+
; Processors                 ; Number      ;
+----------------------------+-------------+
; Number detected on machine ; 6           ;
; Maximum allowed            ; 6           ;
;                            ;             ;
; Average used               ; 1.00        ;
; Maximum used               ; 1           ;
;                            ;             ;
; Usage by Processor         ; % Time Used ;
;     Processor 1            ; 100.0%      ;
+----------------------------+-------------+


+---------------------------------------------------------------------------------------------------------------------------------------------------+
; Analysis & Synthesis Source Files Read                                                                                                            ;
+----------------------------------+-----------------+-----------------+------------------------------------------------------------------+---------+
; File Name with User-Entered Path ; Used in Netlist ; File Type       ; File Name with Absolute Path                                     ; Library ;
+----------------------------------+-----------------+-----------------+------------------------------------------------------------------+---------+
; CU.vhd                           ; yes             ; User VHDL File  ; /home/rtrk/Documents/RA206-2019_Beta+/sigma-processor/src/CU.vhd ;         ;
+----------------------------------+-----------------+-----------------+------------------------------------------------------------------+---------+


+----------------------------------------------------------------+
; Analysis & Synthesis Resource Usage Summary                    ;
+---------------------------------------------+------------------+
; Resource                                    ; Usage            ;
+---------------------------------------------+------------------+
; Estimated Total logic elements              ; 23               ;
;                                             ;                  ;
; Total combinational functions               ; 23               ;
; Logic element usage by number of LUT inputs ;                  ;
;     -- 4 input functions                    ; 11               ;
;     -- 3 input functions                    ; 8                ;
;     -- <=2 input functions                  ; 4                ;
;                                             ;                  ;
; Logic elements by mode                      ;                  ;
;     -- normal mode                          ; 23               ;
;     -- arithmetic mode                      ; 0                ;
;                                             ;                  ;
; Total registers                             ; 0                ;
;     -- Dedicated logic registers            ; 0                ;
;     -- I/O registers                        ; 0                ;
;                                             ;                  ;
; I/O pins                                    ; 25               ;
;                                             ;                  ;
; Embedded Multiplier 9-bit elements          ; 0                ;
;                                             ;                  ;
; Maximum fan-out node                        ; iOpcode[5]~input ;
; Maximum fan-out                             ; 16               ;
; Total fan-out                               ; 116              ;
; Average fan-out                             ; 1.59             ;
+---------------------------------------------+------------------+


+------------------------------------------------------------------------------------------------------------------------------------------------------------------------------------------------------------------------------------+
; Analysis & Synthesis Resource Utilization by Entity                                                                                                                                                                                ;
+----------------------------+---------------------+---------------------------+-------------+------------+--------------+---------+-----------+------+--------------+------------+---------------------+-------------+--------------+
; Compilation Hierarchy Node ; Combinational ALUTs ; Dedicated Logic Registers ; Memory Bits ; UFM Blocks ; DSP Elements ; DSP 9x9 ; DSP 18x18 ; Pins ; Virtual Pins ; ADC blocks ; Full Hierarchy Name ; Entity Name ; Library Name ;
+----------------------------+---------------------+---------------------------+-------------+------------+--------------+---------+-----------+------+--------------+------------+---------------------+-------------+--------------+
; |ControlUnit               ; 23 (23)             ; 0 (0)                     ; 0           ; 0          ; 0            ; 0       ; 0         ; 25   ; 0            ; 0          ; |ControlUnit        ; ControlUnit ; work         ;
+----------------------------+---------------------+---------------------------+-------------+------------+--------------+---------+-----------+------+--------------+------------+---------------------+-------------+--------------+
Note: For table entries with two numbers listed, the numbers in parentheses indicate the number of resources of the given type used by the specific entity alone. The numbers listed outside of parentheses indicate the total resources of the given type used by the specific entity and all of its sub-entities in the hierarchy.


+------------------------------------------------------+
; General Register Statistics                          ;
+----------------------------------------------+-------+
; Statistic                                    ; Value ;
+----------------------------------------------+-------+
; Total registers                              ; 0     ;
; Number of registers using Synchronous Clear  ; 0     ;
; Number of registers using Synchronous Load   ; 0     ;
; Number of registers using Asynchronous Clear ; 0     ;
; Number of registers using Asynchronous Load  ; 0     ;
; Number of registers using Clock Enable       ; 0     ;
; Number of registers using Preset             ; 0     ;
+----------------------------------------------+-------+


+------------------------------------------------------------------------------------------------------------------------------------------+
; Multiplexer Restructuring Statistics (Restructuring Performed)                                                                           ;
+--------------------+-----------+---------------+----------------------+------------------------+------------+----------------------------+
; Multiplexer Inputs ; Bus Width ; Baseline Area ; Area if Restructured ; Saving if Restructured ; Registered ; Example Multiplexer Output ;
+--------------------+-----------+---------------+----------------------+------------------------+------------+----------------------------+
; 9:1                ; 2 bits    ; 12 LEs        ; 10 LEs               ; 2 LEs                  ; No         ; |ControlUnit|Mux15         ;
+--------------------+-----------+---------------+----------------------+------------------------+------------+----------------------------+


+-----------------------------------------------------+
; Post-Synthesis Netlist Statistics for Top Partition ;
+-----------------------+-----------------------------+
; Type                  ; Count                       ;
+-----------------------+-----------------------------+
; boundary_port         ; 25                          ;
; cycloneiii_lcell_comb ; 27                          ;
;     normal            ; 27                          ;
;         0 data inputs ; 1                           ;
;         1 data inputs ; 3                           ;
;         2 data inputs ; 4                           ;
;         3 data inputs ; 8                           ;
;         4 data inputs ; 11                          ;
;                       ;                             ;
; Max LUT depth         ; 3.00                        ;
; Average LUT depth     ; 2.00                        ;
+-----------------------+-----------------------------+


+-------------------------------+
; Elapsed Time Per Partition    ;
+----------------+--------------+
; Partition Name ; Elapsed Time ;
+----------------+--------------+
; Top            ; 00:00:00     ;
+----------------+--------------+


+-------------------------------+
; Analysis & Synthesis Messages ;
+-------------------------------+
Info: *******************************************************************
Info: Running Quartus Prime Analysis & Synthesis
    Info: Version 20.1.0 Build 711 06/05/2020 SJ Lite Edition
    Info: Processing started: Tue Mar 29 21:38:59 2022
Info: Command: quartus_map --read_settings_files=on --write_settings_files=off sigma-processor -c sigma-processor
Warning (18236): Number of processors has not been specified which may cause overloading on shared machines.  Set the global assignment NUM_PARALLEL_PROCESSORS in your QSF to an appropriate value for best performance.
Info (20030): Parallel compilation is enabled and will use 6 of the 6 processors detected
Info (12021): Found 2 design units, including 1 entities, in source file CU.vhd
    Info (12022): Found design unit 1: ControlUnit-Behavioral File: /home/rtrk/Documents/RA206-2019_Beta+/sigma-processor/src/CU.vhd Line: 26
    Info (12023): Found entity 1: ControlUnit File: /home/rtrk/Documents/RA206-2019_Beta+/sigma-processor/src/CU.vhd Line: 5
Info (12021): Found 2 design units, including 1 entities, in source file ALU.vhd
    Info (12022): Found design unit 1: ALU-Behavioral File: /home/rtrk/Documents/RA206-2019_Beta+/sigma-processor/src/ALU.vhd Line: 19
    Info (12023): Found entity 1: ALU File: /home/rtrk/Documents/RA206-2019_Beta+/sigma-processor/src/ALU.vhd Line: 6
Info (12021): Found 2 design units, including 1 entities, in source file simulation/modelsim/CU_tb.vhd
    Info (12022): Found design unit 1: CU_tb-Behavioral File: /home/rtrk/Documents/RA206-2019_Beta+/sigma-processor/src/simulation/modelsim/CU_tb.vhd Line: 7
    Info (12023): Found entity 1: CU_tb File: /home/rtrk/Documents/RA206-2019_Beta+/sigma-processor/src/simulation/modelsim/CU_tb.vhd Line: 4
Info (12127): Elaborating entity "ControlUnit" for the top level hierarchy
Warning (10540): VHDL Signal Declaration warning at CU.vhd(29): used explicit default value for signal "sNOP" because signal was never assigned a value File: /home/rtrk/Documents/RA206-2019_Beta+/sigma-processor/src/CU.vhd Line: 29
Warning (10540): VHDL Signal Declaration warning at CU.vhd(30): used explicit default value for signal "sLD" because signal was never assigned a value File: /home/rtrk/Documents/RA206-2019_Beta+/sigma-processor/src/CU.vhd Line: 30
Warning (10540): VHDL Signal Declaration warning at CU.vhd(31): used explicit default value for signal "sST" because signal was never assigned a value File: /home/rtrk/Documents/RA206-2019_Beta+/sigma-processor/src/CU.vhd Line: 31
Warning (10540): VHDL Signal Declaration warning at CU.vhd(32): used explicit default value for signal "sJMP" because signal was never assigned a value File: /home/rtrk/Documents/RA206-2019_Beta+/sigma-processor/src/CU.vhd Line: 32
Warning (10540): VHDL Signal Declaration warning at CU.vhd(35): used explicit default value for signal "sLDR" because signal was never assigned a value File: /home/rtrk/Documents/RA206-2019_Beta+/sigma-processor/src/CU.vhd Line: 35
Warning (10540): VHDL Signal Declaration warning at CU.vhd(36): used explicit default value for signal "sADD" because signal was never assigned a value File: /home/rtrk/Documents/RA206-2019_Beta+/sigma-processor/src/CU.vhd Line: 36
Warning (10540): VHDL Signal Declaration warning at CU.vhd(37): used explicit default value for signal "sSUB" because signal was never assigned a value File: /home/rtrk/Documents/RA206-2019_Beta+/sigma-processor/src/CU.vhd Line: 37
Warning (10540): VHDL Signal Declaration warning at CU.vhd(38): used explicit default value for signal "sMUL" because signal was never assigned a value File: /home/rtrk/Documents/RA206-2019_Beta+/sigma-processor/src/CU.vhd Line: 38
Warning (10540): VHDL Signal Declaration warning at CU.vhd(39): used explicit default value for signal "sDIV" because signal was never assigned a value File: /home/rtrk/Documents/RA206-2019_Beta+/sigma-processor/src/CU.vhd Line: 39
Warning (10540): VHDL Signal Declaration warning at CU.vhd(40): used explicit default value for signal "sCMPEQ" because signal was never assigned a value File: /home/rtrk/Documents/RA206-2019_Beta+/sigma-processor/src/CU.vhd Line: 40
Warning (10540): VHDL Signal Declaration warning at CU.vhd(41): used explicit default value for signal "sCMPLT" because signal was never assigned a value File: /home/rtrk/Documents/RA206-2019_Beta+/sigma-processor/src/CU.vhd Line: 41
Warning (10540): VHDL Signal Declaration warning at CU.vhd(42): used explicit default value for signal "sCMPLE" because signal was never assigned a value File: /home/rtrk/Documents/RA206-2019_Beta+/sigma-processor/src/CU.vhd Line: 42
Warning (10540): VHDL Signal Declaration warning at CU.vhd(43): used explicit default value for signal "sAND" because signal was never assigned a value File: /home/rtrk/Documents/RA206-2019_Beta+/sigma-processor/src/CU.vhd Line: 43
Warning (10540): VHDL Signal Declaration warning at CU.vhd(44): used explicit default value for signal "sOR" because signal was never assigned a value File: /home/rtrk/Documents/RA206-2019_Beta+/sigma-processor/src/CU.vhd Line: 44
Warning (10540): VHDL Signal Declaration warning at CU.vhd(45): used explicit default value for signal "sXOR" because signal was never assigned a value File: /home/rtrk/Documents/RA206-2019_Beta+/sigma-processor/src/CU.vhd Line: 45
Warning (10540): VHDL Signal Declaration warning at CU.vhd(46): used explicit default value for signal "sXNOR" because signal was never assigned a value File: /home/rtrk/Documents/RA206-2019_Beta+/sigma-processor/src/CU.vhd Line: 46
Warning (10540): VHDL Signal Declaration warning at CU.vhd(47): used explicit default value for signal "sSHL" because signal was never assigned a value File: /home/rtrk/Documents/RA206-2019_Beta+/sigma-processor/src/CU.vhd Line: 47
Warning (10540): VHDL Signal Declaration warning at CU.vhd(48): used explicit default value for signal "sSHR" because signal was never assigned a value File: /home/rtrk/Documents/RA206-2019_Beta+/sigma-processor/src/CU.vhd Line: 48
Warning (10540): VHDL Signal Declaration warning at CU.vhd(49): used explicit default value for signal "sSRA" because signal was never assigned a value File: /home/rtrk/Documents/RA206-2019_Beta+/sigma-processor/src/CU.vhd Line: 49
Warning (10540): VHDL Signal Declaration warning at CU.vhd(50): used explicit default value for signal "sADDC" because signal was never assigned a value File: /home/rtrk/Documents/RA206-2019_Beta+/sigma-processor/src/CU.vhd Line: 50
Warning (10540): VHDL Signal Declaration warning at CU.vhd(51): used explicit default value for signal "sSUBC" because signal was never assigned a value File: /home/rtrk/Documents/RA206-2019_Beta+/sigma-processor/src/CU.vhd Line: 51
Warning (10540): VHDL Signal Declaration warning at CU.vhd(52): used explicit default value for signal "sMULC" because signal was never assigned a value File: /home/rtrk/Documents/RA206-2019_Beta+/sigma-processor/src/CU.vhd Line: 52
Warning (10540): VHDL Signal Declaration warning at CU.vhd(53): used explicit default value for signal "sDIVC" because signal was never assigned a value File: /home/rtrk/Documents/RA206-2019_Beta+/sigma-processor/src/CU.vhd Line: 53
Warning (10540): VHDL Signal Declaration warning at CU.vhd(54): used explicit default value for signal "sCMPEQC" because signal was never assigned a value File: /home/rtrk/Documents/RA206-2019_Beta+/sigma-processor/src/CU.vhd Line: 54
Warning (10540): VHDL Signal Declaration warning at CU.vhd(55): used explicit default value for signal "sCMPLTC" because signal was never assigned a value File: /home/rtrk/Documents/RA206-2019_Beta+/sigma-processor/src/CU.vhd Line: 55
Warning (10540): VHDL Signal Declaration warning at CU.vhd(56): used explicit default value for signal "sCMPLEC" because signal was never assigned a value File: /home/rtrk/Documents/RA206-2019_Beta+/sigma-processor/src/CU.vhd Line: 56
Warning (10540): VHDL Signal Declaration warning at CU.vhd(57): used explicit default value for signal "sANDC" because signal was never assigned a value File: /home/rtrk/Documents/RA206-2019_Beta+/sigma-processor/src/CU.vhd Line: 57
Warning (10540): VHDL Signal Declaration warning at CU.vhd(58): used explicit default value for signal "sORC" because signal was never assigned a value File: /home/rtrk/Documents/RA206-2019_Beta+/sigma-processor/src/CU.vhd Line: 58
Warning (10540): VHDL Signal Declaration warning at CU.vhd(59): used explicit default value for signal "sXORC" because signal was never assigned a value File: /home/rtrk/Documents/RA206-2019_Beta+/sigma-processor/src/CU.vhd Line: 59
Warning (10540): VHDL Signal Declaration warning at CU.vhd(60): used explicit default value for signal "sXNORC" because signal was never assigned a value File: /home/rtrk/Documents/RA206-2019_Beta+/sigma-processor/src/CU.vhd Line: 60
Warning (10540): VHDL Signal Declaration warning at CU.vhd(61): used explicit default value for signal "sSHLC" because signal was never assigned a value File: /home/rtrk/Documents/RA206-2019_Beta+/sigma-processor/src/CU.vhd Line: 61
Warning (10540): VHDL Signal Declaration warning at CU.vhd(62): used explicit default value for signal "sSHRC" because signal was never assigned a value File: /home/rtrk/Documents/RA206-2019_Beta+/sigma-processor/src/CU.vhd Line: 62
Warning (10540): VHDL Signal Declaration warning at CU.vhd(63): used explicit default value for signal "sSRAC" because signal was never assigned a value File: /home/rtrk/Documents/RA206-2019_Beta+/sigma-processor/src/CU.vhd Line: 63
Warning (10540): VHDL Signal Declaration warning at CU.vhd(68): used explicit default value for signal "sOpTable" because signal was never assigned a value File: /home/rtrk/Documents/RA206-2019_Beta+/sigma-processor/src/CU.vhd Line: 68
Warning (10873): Using initial value X (don't care) for net "sBEQ[17..9]" at CU.vhd(33) File: /home/rtrk/Documents/RA206-2019_Beta+/sigma-processor/src/CU.vhd Line: 33
Warning (10873): Using initial value X (don't care) for net "sBEQ[4]" at CU.vhd(33) File: /home/rtrk/Documents/RA206-2019_Beta+/sigma-processor/src/CU.vhd Line: 33
Warning (10873): Using initial value X (don't care) for net "sBNE[17..9]" at CU.vhd(34) File: /home/rtrk/Documents/RA206-2019_Beta+/sigma-processor/src/CU.vhd Line: 34
Warning (10873): Using initial value X (don't care) for net "sBNE[4]" at CU.vhd(34) File: /home/rtrk/Documents/RA206-2019_Beta+/sigma-processor/src/CU.vhd Line: 34
Warning (13024): Output pins are stuck at VCC or GND
    Warning (13410): Pin "oASEL" is stuck at GND File: /home/rtrk/Documents/RA206-2019_Beta+/sigma-processor/src/CU.vhd Line: 14
    Warning (13410): Pin "oPCSEL[2]" is stuck at GND File: /home/rtrk/Documents/RA206-2019_Beta+/sigma-processor/src/CU.vhd Line: 18
    Warning (13410): Pin "oWASEL" is stuck at GND File: /home/rtrk/Documents/RA206-2019_Beta+/sigma-processor/src/CU.vhd Line: 20
Info (286030): Timing-Driven Synthesis is running
Info (16010): Generating hard_block partition "hard_block:auto_generated_inst"
    Info (16011): Adding 0 node(s), including 0 DDIO, 0 PLL, 0 transceiver and 0 LCELL
Info (21057): Implemented 48 device resources after synthesis - the final resource count might be different
    Info (21058): Implemented 7 input pins
    Info (21059): Implemented 18 output pins
    Info (21061): Implemented 23 logic cells
Info: Quartus Prime Analysis & Synthesis was successful. 0 errors, 43 warnings
    Info: Peak virtual memory: 425 megabytes
    Info: Processing ended: Tue Mar 29 21:39:05 2022
    Info: Elapsed time: 00:00:06
    Info: Total CPU time (on all processors): 00:00:12


